<!DOCTYPE html>

<html>
  <head>
  <meta charset='utf-8'>
  <title>TestNG reports</title>

    <link type="text/css" href="testng-reports.css" rel="stylesheet" />  
    <script type="text/javascript" src="jquery-1.7.1.min.js"></script>
    <script type="text/javascript" src="testng-reports.js"></script>
    <script type="text/javascript" src="https://www.google.com/jsapi"></script>
    <script type='text/javascript'>
      google.load('visualization', '1', {packages:['table']});
      google.setOnLoadCallback(drawTable);
      var suiteTableInitFunctions = new Array();
      var suiteTableData = new Array();
    </script>
    <!--
      <script type="text/javascript" src="jquery-ui/js/jquery-ui-1.8.16.custom.min.js"></script>
     -->
  </head>

  <body>
    <div class="top-banner-root">
      <span class="top-banner-title-font">Test results</span>
      <br/>
      <span class="top-banner-font-1">1 suite, 2 failed tests</span>
    </div> <!-- top-banner-root -->
    <div class="navigator-root">
      <div class="navigator-suite-header">
        <span>All suites</span>
        <a href="#" class="collapse-all-link" title="Collapse/expand all the suites">
          <img class="collapse-all-icon" src="collapseall.gif">
          </img> <!-- collapse-all-icon -->
        </a> <!-- collapse-all-link -->
      </div> <!-- navigator-suite-header -->
      <div class="suite">
        <div class="rounded-window">
          <div class="suite-header light-rounded-window-top">
            <a href="#" class="navigator-link" panel-name="suite-DemowithPopup">
              <span class="suite-name border-failed">DemowithPopup</span>
            </a> <!-- navigator-link -->
          </div> <!-- suite-header light-rounded-window-top -->
          <div class="navigator-suite-content">
            <div class="suite-section-title">
              <span>Info</span>
            </div> <!-- suite-section-title -->
            <div class="suite-section-content">
              <ul>
                <li>
                  <a href="#" class="navigator-link " panel-name="test-xml-DemowithPopup">
                    <span>C:\Users\aditya.p\Desktop\Automate2\agentaSnapDemo\testNGLoginpop.xml</span>
                  </a> <!-- navigator-link  -->
                </li>
                <li>
                  <a href="#" class="navigator-link " panel-name="testlist-DemowithPopup">
                    <span class="test-stats">2 tests</span>
                  </a> <!-- navigator-link  -->
                </li>
                <li>
                  <a href="#" class="navigator-link " panel-name="group-DemowithPopup">
                    <span>0 groups</span>
                  </a> <!-- navigator-link  -->
                </li>
                <li>
                  <a href="#" class="navigator-link " panel-name="times-DemowithPopup">
                    <span>Times</span>
                  </a> <!-- navigator-link  -->
                </li>
                <li>
                  <a href="#" class="navigator-link " panel-name="reporter-DemowithPopup">
                    <span>Reporter output</span>
                  </a> <!-- navigator-link  -->
                </li>
                <li>
                  <a href="#" class="navigator-link " panel-name="ignored-methods-DemowithPopup">
                    <span>Ignored methods</span>
                  </a> <!-- navigator-link  -->
                </li>
                <li>
                  <a href="#" class="navigator-link " panel-name="chronological-DemowithPopup">
                    <span>Chronological view</span>
                  </a> <!-- navigator-link  -->
                </li>
              </ul>
            </div> <!-- suite-section-content -->
            <div class="result-section">
              <div class="suite-section-title">
                <span>Results</span>
              </div> <!-- suite-section-title -->
              <div class="suite-section-content">
                <ul>
                  <li>
                    <span class="method-stats">2 methods, 2 failed,   </span>
                  </li>
                  <li>
                    <span class="method-list-title failed">Failed methods</span>
                    <span class="show-or-hide-methods failed">
                      <a href="#" panel-name="suite-DemowithPopup" class="hide-methods failed suite-DemowithPopup"> (hide)</a> <!-- hide-methods failed suite-DemowithPopup -->
                      <a href="#" panel-name="suite-DemowithPopup" class="show-methods failed suite-DemowithPopup"> (show)</a> <!-- show-methods failed suite-DemowithPopup -->
                    </span>
                    <div class="method-list-content failed suite-DemowithPopup">
                      <span>
                        <img width="3%" src="failed.png"/>
                        <a href="#" class="method navigator-link" panel-name="suite-DemowithPopup" title="com.automationsnap.TestCase.NotReady_Conference_Popup" hash-for-method="to_validate_Conference_for_three_User_in_Not_Ready_with_PopUp(https://localhost:8080/, 749931, 123456, 749931, 749932, 123456, 749932, 749933, 123456, 749933, 749...)">to_validate_Conference_for_three_User_in_Not_Ready_with_PopUp(https://localhost:8080/, 749931, 123456, 749931, 749932, 123456, 749932, 749933, 123456, 749933, 749...)</a> <!-- method navigator-link -->
                      </span>
                      <br/>
                      <span>
                        <img width="3%" src="failed.png"/>
                        <a href="#" class="method navigator-link" panel-name="suite-DemowithPopup" title="com.automationsnap.TestCase.NotReady_Wrapupreasoncode_PopUp" hash-for-method="to_validate_Wrapup_ReasonCode_Not_Ready_with_PopUp(https://localhost:8080/, 749932, 123456, 749932, 749933, 123456, 749933, 749933, sales, Meeting, Mee...)">to_validate_Wrapup_ReasonCode_Not_Ready_with_PopUp(https://localhost:8080/, 749932, 123456, 749932, 749933, 123456, 749933, 749933, sales, Meeting, Mee...)</a> <!-- method navigator-link -->
                      </span>
                      <br/>
                    </div> <!-- method-list-content failed suite-DemowithPopup -->
                  </li>
                </ul>
              </div> <!-- suite-section-content -->
            </div> <!-- result-section -->
          </div> <!-- navigator-suite-content -->
        </div> <!-- rounded-window -->
      </div> <!-- suite -->
    </div> <!-- navigator-root -->
    <div class="wrapper">
      <div class="main-panel-root">
        <div panel-name="suite-DemowithPopup" class="panel DemowithPopup">
          <div class="suite-DemowithPopup-class-failed">
            <div class="main-panel-header rounded-window-top">
              <img src="failed.png"/>
              <span class="class-name">com.automationsnap.TestCase.NotReady_Conference_Popup</span>
            </div> <!-- main-panel-header rounded-window-top -->
            <div class="main-panel-content rounded-window-bottom">
              <div class="method">
                <div class="method-content">
                  <a name="to_validate_Conference_for_three_User_in_Not_Ready_with_PopUp(https://localhost:8080/, 749931, 123456, 749931, 749932, 123456, 749932, 749933, 123456, 749933, 749...)">
                  </a> <!-- to_validate_Conference_for_three_User_in_Not_Ready_with_PopUp(https://localhost:8080/, 749931, 123456, 749931, 749932, 123456, 749932, 749933, 123456, 749933, 749...) -->
                  <span class="method-name">to_validate_Conference_for_three_User_in_Not_Ready_with_PopUp</span>
                  <span class="parameters">(https://localhost:8080/, 749931, 123456, 749931, 749932, 123456, 749932, 749933, 123456, 749933, 749932, 749933, Meeting, Meeting, Meeting)</span>
                  <div class="stack-trace">org.openqa.selenium.WebDriverException: Reached error page: about:neterror?e=connectionFailure&amp;u=https%3A//localhost%3A8080/&amp;c=UTF-8&amp;f=regular&amp;d=Firefox%20can%27t%20establish%20a%20connection%20to%20the%20server%20at%20localhost%3A8080.
Build info: version: &apos;3.6.0&apos;, revision: &apos;6fbf3ec767&apos;, time: &apos;2017-09-27T15:28:36.4Z&apos;
System info: host: &apos;ADITYA-LAPTOP&apos;, ip: &apos;192.168.56.1&apos;, os.name: &apos;Windows 8.1&apos;, os.arch: &apos;amd64&apos;, os.version: &apos;6.3&apos;, java.version: &apos;1.8.0_77&apos;
Driver info: org.openqa.selenium.firefox.FirefoxDriver
Capabilities [{moz:profile=C:\Users\aditya.p\AppData\Local\Temp\rust_mozprofile.kzzWe8ozhR3J, rotatable=false, timeouts={implicit=0, pageLoad=300000, script=30000}, pageLoadStrategy=normal, platform=XP, specificationLevel=0, moz:accessibilityChecks=false, acceptInsecureCerts=true, browserVersion=55.0, platformVersion=6.3, moz:processID=5836, browserName=firefox, javascriptEnabled=true, platformName=XP}]
Session ID: 8d8413e7-10d3-447d-8a96-d87cb041ac0d
	at org.openqa.selenium.remote.http.W3CHttpResponseCodec.createException(W3CHttpResponseCodec.java:185)
	at org.openqa.selenium.remote.http.W3CHttpResponseCodec.decode(W3CHttpResponseCodec.java:120)
	at org.openqa.selenium.remote.http.W3CHttpResponseCodec.decode(W3CHttpResponseCodec.java:49)
	at org.openqa.selenium.remote.HttpCommandExecutor.execute(HttpCommandExecutor.java:164)
	at org.openqa.selenium.remote.service.DriverCommandExecutor.execute(DriverCommandExecutor.java:83)
	at org.openqa.selenium.remote.RemoteWebDriver.execute(RemoteWebDriver.java:586)
	at org.openqa.selenium.remote.RemoteWebDriver.get(RemoteWebDriver.java:310)
	at com.automationsnap.baseclass.baseClass.openApp(baseClass.java:62)
	at com.automationsnap.TestCase.NotReady_Conference_Popup.to_validate_Conference_for_three_User_in_Not_Ready_with_PopUp(NotReady_Conference_Popup.java:71)
... Removed 32 stack frames
</div> <!-- stack-trace -->
                </div> <!-- method-content -->
              </div> <!-- method -->
            </div> <!-- main-panel-content rounded-window-bottom -->
          </div> <!-- suite-DemowithPopup-class-failed -->
          <div class="suite-DemowithPopup-class-failed">
            <div class="main-panel-header rounded-window-top">
              <img src="failed.png"/>
              <span class="class-name">com.automationsnap.TestCase.NotReady_Wrapupreasoncode_PopUp</span>
            </div> <!-- main-panel-header rounded-window-top -->
            <div class="main-panel-content rounded-window-bottom">
              <div class="method">
                <div class="method-content">
                  <a name="to_validate_Wrapup_ReasonCode_Not_Ready_with_PopUp(https://localhost:8080/, 749932, 123456, 749932, 749933, 123456, 749933, 749933, sales, Meeting, Mee...)">
                  </a> <!-- to_validate_Wrapup_ReasonCode_Not_Ready_with_PopUp(https://localhost:8080/, 749932, 123456, 749932, 749933, 123456, 749933, 749933, sales, Meeting, Mee...) -->
                  <span class="method-name">to_validate_Wrapup_ReasonCode_Not_Ready_with_PopUp</span>
                  <span class="parameters">(https://localhost:8080/, 749932, 123456, 749932, 749933, 123456, 749933, 749933, sales, Meeting, Meeting)</span>
                  <div class="stack-trace">org.openqa.selenium.WebDriverException: Reached error page: about:neterror?e=connectionFailure&amp;u=https%3A//localhost%3A8080/&amp;c=UTF-8&amp;f=regular&amp;d=Firefox%20can%27t%20establish%20a%20connection%20to%20the%20server%20at%20localhost%3A8080.
Build info: version: &apos;3.6.0&apos;, revision: &apos;6fbf3ec767&apos;, time: &apos;2017-09-27T15:28:36.4Z&apos;
System info: host: &apos;ADITYA-LAPTOP&apos;, ip: &apos;192.168.56.1&apos;, os.name: &apos;Windows 8.1&apos;, os.arch: &apos;amd64&apos;, os.version: &apos;6.3&apos;, java.version: &apos;1.8.0_77&apos;
Driver info: org.openqa.selenium.firefox.FirefoxDriver
Capabilities [{moz:profile=C:\Users\aditya.p\AppData\Local\Temp\rust_mozprofile.P1pJcRljR8Av, rotatable=false, timeouts={implicit=0, pageLoad=300000, script=30000}, pageLoadStrategy=normal, platform=XP, specificationLevel=0, moz:accessibilityChecks=false, acceptInsecureCerts=true, browserVersion=55.0, platformVersion=6.3, moz:processID=5960, browserName=firefox, javascriptEnabled=true, platformName=XP}]
Session ID: acfb4e92-c3a5-4828-8536-978d99984eec
	at org.openqa.selenium.remote.http.W3CHttpResponseCodec.createException(W3CHttpResponseCodec.java:185)
	at org.openqa.selenium.remote.http.W3CHttpResponseCodec.decode(W3CHttpResponseCodec.java:120)
	at org.openqa.selenium.remote.http.W3CHttpResponseCodec.decode(W3CHttpResponseCodec.java:49)
	at org.openqa.selenium.remote.HttpCommandExecutor.execute(HttpCommandExecutor.java:164)
	at org.openqa.selenium.remote.service.DriverCommandExecutor.execute(DriverCommandExecutor.java:83)
	at org.openqa.selenium.remote.RemoteWebDriver.execute(RemoteWebDriver.java:586)
	at org.openqa.selenium.remote.RemoteWebDriver.get(RemoteWebDriver.java:310)
	at com.automationsnap.baseclass.baseClass.openApp(baseClass.java:62)
	at com.automationsnap.TestCase.NotReady_Wrapupreasoncode_PopUp.to_validate_Wrapup_ReasonCode_Not_Ready_with_PopUp(NotReady_Wrapupreasoncode_PopUp.java:66)
... Removed 32 stack frames
</div> <!-- stack-trace -->
                </div> <!-- method-content -->
              </div> <!-- method -->
            </div> <!-- main-panel-content rounded-window-bottom -->
          </div> <!-- suite-DemowithPopup-class-failed -->
        </div> <!-- panel DemowithPopup -->
        <div panel-name="test-xml-DemowithPopup" class="panel">
          <div class="main-panel-header rounded-window-top">
            <span class="header-content">C:\Users\aditya.p\Desktop\Automate2\agentaSnapDemo\testNGLoginpop.xml</span>
          </div> <!-- main-panel-header rounded-window-top -->
          <div class="main-panel-content rounded-window-bottom">
            <pre>
&lt;?xml version=&quot;1.0&quot; encoding=&quot;UTF-8&quot;?&gt;
&lt;!DOCTYPE suite SYSTEM &quot;http://testng.org/testng-1.0.dtd&quot;&gt;
&lt;suite guice-stage=&quot;DEVELOPMENT&quot; verbose=&quot;0&quot; name=&quot;DemowithPopup&quot;&gt;
  &lt;test thread-count=&quot;5&quot; name=&quot;UserLogin&quot;&gt;
    &lt;classes&gt;
      &lt;class name=&quot;com.automationsnap.TestCase.NotReady_Conference_Popup&quot;/&gt;
      &lt;class name=&quot;com.automationsnap.TestCase.NotReady_Wrapupreasoncode_PopUp&quot;/&gt;
    &lt;/classes&gt;
  &lt;/test&gt; &lt;!-- UserLogin --&gt;
  &lt;test name=&quot;UserLogin(failed)&quot;&gt;
    &lt;classes&gt;
      &lt;class name=&quot;com.automationsnap.TestCase.NotReady_Conference_Popup&quot;&gt;
        &lt;methods&gt;
          &lt;include name=&quot;to_validate_Conference_for_three_User_in_Not_Ready_with_PopUp&quot; invocation-numbers=&quot;0&quot;/&gt;
          &lt;include name=&quot;setObject&quot;/&gt;
          &lt;include name=&quot;setDriverPath&quot;/&gt;
          &lt;include name=&quot;quitBrowser&quot;/&gt;
        &lt;/methods&gt;
      &lt;/class&gt; &lt;!-- com.automationsnap.TestCase.NotReady_Conference_Popup --&gt;
      &lt;class name=&quot;com.automationsnap.TestCase.NotReady_Wrapupreasoncode_PopUp&quot;&gt;
        &lt;methods&gt;
          &lt;include name=&quot;to_validate_Wrapup_ReasonCode_Not_Ready_with_PopUp&quot; invocation-numbers=&quot;0&quot;/&gt;
          &lt;include name=&quot;setObject&quot;/&gt;
          &lt;include name=&quot;setDriverPath&quot;/&gt;
          &lt;include name=&quot;quitBrowser&quot;/&gt;
        &lt;/methods&gt;
      &lt;/class&gt; &lt;!-- com.automationsnap.TestCase.NotReady_Wrapupreasoncode_PopUp --&gt;
    &lt;/classes&gt;
  &lt;/test&gt; &lt;!-- UserLogin(failed) --&gt;
&lt;/suite&gt; &lt;!-- DemowithPopup --&gt;
            </pre>
          </div> <!-- main-panel-content rounded-window-bottom -->
        </div> <!-- panel -->
        <div panel-name="testlist-DemowithPopup" class="panel">
          <div class="main-panel-header rounded-window-top">
            <span class="header-content">Tests for DemowithPopup</span>
          </div> <!-- main-panel-header rounded-window-top -->
          <div class="main-panel-content rounded-window-bottom">
            <ul>
              <li>
                <span class="test-name">UserLogin (2 classes)</span>
              </li>
              <li>
                <span class="test-name">UserLogin(failed) (2 classes)</span>
              </li>
            </ul>
          </div> <!-- main-panel-content rounded-window-bottom -->
        </div> <!-- panel -->
        <div panel-name="group-DemowithPopup" class="panel">
          <div class="main-panel-header rounded-window-top">
            <span class="header-content">Groups for DemowithPopup</span>
          </div> <!-- main-panel-header rounded-window-top -->
          <div class="main-panel-content rounded-window-bottom">
          </div> <!-- main-panel-content rounded-window-bottom -->
        </div> <!-- panel -->
        <div panel-name="times-DemowithPopup" class="panel">
          <div class="main-panel-header rounded-window-top">
            <span class="header-content">Times for DemowithPopup</span>
          </div> <!-- main-panel-header rounded-window-top -->
          <div class="main-panel-content rounded-window-bottom">
            <div class="times-div">
              <script type="text/javascript">
suiteTableInitFunctions.push('tableData_DemowithPopup');
function tableData_DemowithPopup() {
var data = new google.visualization.DataTable();
data.addColumn('number', 'Number');
data.addColumn('string', 'Method');
data.addColumn('string', 'Class');
data.addColumn('number', 'Time (ms)');
data.addRows(2);
data.setCell(0, 0, 0)
data.setCell(0, 1, 'to_validate_Conference_for_three_User_in_Not_Ready_with_PopUp')
data.setCell(0, 2, 'com.automationsnap.TestCase.NotReady_Conference_Popup')
data.setCell(0, 3, 29568);
data.setCell(1, 0, 1)
data.setCell(1, 1, 'to_validate_Wrapup_ReasonCode_Not_Ready_with_PopUp')
data.setCell(1, 2, 'com.automationsnap.TestCase.NotReady_Wrapupreasoncode_PopUp')
data.setCell(1, 3, 26230);
window.suiteTableData['DemowithPopup']= { tableData: data, tableDiv: 'times-div-DemowithPopup'}
return data;
}
              </script>
              <span class="suite-total-time">Total running time: 55 seconds</span>
              <div id="times-div-DemowithPopup">
              </div> <!-- times-div-DemowithPopup -->
            </div> <!-- times-div -->
          </div> <!-- main-panel-content rounded-window-bottom -->
        </div> <!-- panel -->
        <div panel-name="reporter-DemowithPopup" class="panel">
          <div class="main-panel-header rounded-window-top">
            <span class="header-content">Reporter output for DemowithPopup</span>
          </div> <!-- main-panel-header rounded-window-top -->
          <div class="main-panel-content rounded-window-bottom">
          </div> <!-- main-panel-content rounded-window-bottom -->
        </div> <!-- panel -->
        <div panel-name="ignored-methods-DemowithPopup" class="panel">
          <div class="main-panel-header rounded-window-top">
            <span class="header-content">0 ignored methods</span>
          </div> <!-- main-panel-header rounded-window-top -->
          <div class="main-panel-content rounded-window-bottom">
          </div> <!-- main-panel-content rounded-window-bottom -->
        </div> <!-- panel -->
        <div panel-name="chronological-DemowithPopup" class="panel">
          <div class="main-panel-header rounded-window-top">
            <span class="header-content">Methods in chronological order</span>
          </div> <!-- main-panel-header rounded-window-top -->
          <div class="main-panel-content rounded-window-bottom">
            <div class="chronological-class">
              <div class="chronological-class-name">com.automationsnap.TestCase.NotReady_Conference_Popup</div> <!-- chronological-class-name -->
              <div class="configuration-class before">
                <span class="method-name">setObject</span>
                <span class="method-start">0 ms</span>
              </div> <!-- configuration-class before -->
              <div class="configuration-method before">
                <span class="method-name">setDriverPath</span>
                <span class="method-start">2861 ms</span>
              </div> <!-- configuration-method before -->
              <div class="test-method">
                <img src="failed.png">
                </img>
                <span class="method-name">to_validate_Conference_for_three_User_in_Not_Ready_with_PopUp(https://localhost:8080/, 749931, 123456, 749931, 749932, 123456, 749932, 749933, 123456, 749933, 749...)</span>
                <span class="method-start">10474 ms</span>
              </div> <!-- test-method -->
              <div class="configuration-method after">
                <span class="method-name">quitBrowser</span>
                <span class="method-start">40519 ms</span>
              </div> <!-- configuration-method after -->
            </div> <!-- chronological-class -->
            <div class="chronological-class">
              <div class="chronological-class-name">com.automationsnap.TestCase.NotReady_Wrapupreasoncode_PopUp</div> <!-- chronological-class-name -->
              <div class="configuration-class before">
                <span class="method-name">setObject</span>
                <span class="method-start">46189 ms</span>
              </div> <!-- configuration-class before -->
              <div class="configuration-method before">
                <span class="method-name">setDriverPath</span>
                <span class="method-start">46462 ms</span>
              </div> <!-- configuration-method before -->
              <div class="test-method">
                <img src="failed.png">
                </img>
                <span class="method-name">to_validate_Wrapup_ReasonCode_Not_Ready_with_PopUp(https://localhost:8080/, 749932, 123456, 749932, 749933, 123456, 749933, 749933, sales, Meeting, Mee...)</span>
                <span class="method-start">50367 ms</span>
              </div> <!-- test-method -->
              <div class="configuration-method after">
                <span class="method-name">quitBrowser</span>
                <span class="method-start">76999 ms</span>
              </div> <!-- configuration-method after -->
          </div> <!-- main-panel-content rounded-window-bottom -->
        </div> <!-- panel -->
      </div> <!-- main-panel-root -->
    </div> <!-- wrapper -->
  </body>
</html>
